{"numTotalTestSuites":2,"numPassedTestSuites":2,"numFailedTestSuites":0,"numPendingTestSuites":0,"numTotalTests":9,"numPassedTests":9,"numFailedTests":0,"numPendingTests":0,"numTodoTests":0,"snapshot":{"added":0,"failure":false,"filesAdded":0,"filesRemoved":0,"filesRemovedList":[],"filesUnmatched":0,"filesUpdated":0,"matched":0,"total":0,"unchecked":0,"uncheckedKeysByFile":[],"unmatched":0,"updated":0,"didUpdate":false},"startTime":1777101279169,"success":true,"testResults":[{"assertionResults":[{"ancestorTitles":["LFT Codec Verification"],"fullName":"LFT Codec Verification should compress and decompress imgAntiL.png losslessly","status":"passed","title":"should compress and decompress imgAntiL.png losslessly","duration":18887.8805,"failureMessages":[],"meta":{},"tags":[]},{"ancestorTitles":["LFT Codec Verification"],"fullName":"LFT Codec Verification should compress and decompress imgCg.png losslessly","status":"passed","title":"should compress and decompress imgCg.png losslessly","duration":5310.890900000002,"failureMessages":[],"meta":{},"tags":[]},{"ancestorTitles":["LFT Codec Verification"],"fullName":"LFT Codec Verification should compress and decompress imgCp.png losslessly","status":"passed","title":"should compress and decompress imgCp.png losslessly","duration":5191.0537,"failureMessages":[],"meta":{},"tags":[]},{"ancestorTitles":["LFT Codec Verification"],"fullName":"LFT Codec Verification should compress and decompress imgFill.png losslessly","status":"passed","title":"should compress and decompress imgFill.png losslessly","duration":664.6887999999999,"failureMessages":[],"meta":{},"tags":[]},{"ancestorTitles":["LFT Codec Verification"],"fullName":"LFT Codec Verification should compress and decompress imgFr.png losslessly","status":"passed","title":"should compress and decompress imgFr.png losslessly","duration":35149.1268,"failureMessages":[],"meta":{},"tags":[]},{"ancestorTitles":["LFT Codec Verification"],"fullName":"LFT Codec Verification should compress and decompress imgGm.png losslessly","status":"passed","title":"should compress and decompress imgGm.png losslessly","duration":3764.2309999999998,"failureMessages":[],"meta":{},"tags":[]},{"ancestorTitles":["LFT Codec Verification"],"fullName":"LFT Codec Verification should compress and decompress imgNoiseC.png losslessly","status":"passed","title":"should compress and decompress imgNoiseC.png losslessly","duration":15297.998999999996,"failureMessages":[],"meta":{},"tags":[]},{"ancestorTitles":["LFT Codec Verification"],"fullName":"LFT Codec Verification should compress and decompress imgNoiseM.png losslessly","status":"passed","title":"should compress and decompress imgNoiseM.png losslessly","duration":6304.4535999999935,"failureMessages":[],"meta":{},"tags":[]},{"ancestorTitles":["LFT Codec Verification"],"fullName":"LFT Codec Verification should compress and decompress imgTpy.png losslessly","status":"passed","title":"should compress and decompress imgTpy.png losslessly","duration":272.33929999999236,"failureMessages":[],"meta":{},"tags":[]}],"startTime":1777101279713,"endTime":1777101370553.3394,"status":"passed","message":"","name":"C:/Users/snows/Documents/Program/js/LFT/test/node/codec.test.ts"}]}