{"numTotalTestSuites":2,"numPassedTestSuites":2,"numFailedTestSuites":0,"numPendingTestSuites":0,"numTotalTests":9,"numPassedTests":9,"numFailedTests":0,"numPendingTests":0,"numTodoTests":0,"snapshot":{"added":0,"failure":false,"filesAdded":0,"filesRemoved":0,"filesRemovedList":[],"filesUnmatched":0,"filesUpdated":0,"matched":0,"total":0,"unchecked":0,"uncheckedKeysByFile":[],"unmatched":0,"updated":0,"didUpdate":false},"startTime":1777106870027,"success":true,"testResults":[{"assertionResults":[{"ancestorTitles":["LFT Codec Verification"],"fullName":"LFT Codec Verification should compress and decompress imgAntiL.png losslessly","status":"passed","title":"should compress and decompress imgAntiL.png losslessly","duration":56929.125400000004,"failureMessages":[],"meta":{},"tags":[]},{"ancestorTitles":["LFT Codec Verification"],"fullName":"LFT Codec Verification should compress and decompress imgCg.png losslessly","status":"passed","title":"should compress and decompress imgCg.png losslessly","duration":5049.704599999997,"failureMessages":[],"meta":{},"tags":[]},{"ancestorTitles":["LFT Codec Verification"],"fullName":"LFT Codec Verification should compress and decompress imgCp.png losslessly","status":"passed","title":"should compress and decompress imgCp.png losslessly","duration":5615.510499999997,"failureMessages":[],"meta":{},"tags":[]},{"ancestorTitles":["LFT Codec Verification"],"fullName":"LFT Codec Verification should compress and decompress imgFill.png losslessly","status":"passed","title":"should compress and decompress imgFill.png losslessly","duration":710.3644000000058,"failureMessages":[],"meta":{},"tags":[]},{"ancestorTitles":["LFT Codec Verification"],"fullName":"LFT Codec Verification should compress and decompress imgFr.png losslessly","status":"passed","title":"should compress and decompress imgFr.png losslessly","duration":32321.3974,"failureMessages":[],"meta":{},"tags":[]},{"ancestorTitles":["LFT Codec Verification"],"fullName":"LFT Codec Verification should compress and decompress imgGm.png losslessly","status":"passed","title":"should compress and decompress imgGm.png losslessly","duration":3606.176800000001,"failureMessages":[],"meta":{},"tags":[]},{"ancestorTitles":["LFT Codec Verification"],"fullName":"LFT Codec Verification should compress and decompress imgNoiseC.png losslessly","status":"passed","title":"should compress and decompress imgNoiseC.png losslessly","duration":13850.974600000001,"failureMessages":[],"meta":{},"tags":[]},{"ancestorTitles":["LFT Codec Verification"],"fullName":"LFT Codec Verification should compress and decompress imgNoiseM.png losslessly","status":"passed","title":"should compress and decompress imgNoiseM.png losslessly","duration":5397.311999999991,"failureMessages":[],"meta":{},"tags":[]},{"ancestorTitles":["LFT Codec Verification"],"fullName":"LFT Codec Verification should compress and decompress imgTpy.png losslessly","status":"passed","title":"should compress and decompress imgTpy.png losslessly","duration":4719.376600000003,"failureMessages":[],"meta":{},"tags":[]}],"startTime":1777106870568,"endTime":1777106998774.3767,"status":"passed","message":"","name":"C:/Users/snows/Documents/Program/js/LFT/test/node/codec.test.ts"}]}