{"numTotalTestSuites":2,"numPassedTestSuites":2,"numFailedTestSuites":0,"numPendingTestSuites":0,"numTotalTests":9,"numPassedTests":9,"numFailedTests":0,"numPendingTests":0,"numTodoTests":0,"snapshot":{"added":0,"failure":false,"filesAdded":0,"filesRemoved":0,"filesRemovedList":[],"filesUnmatched":0,"filesUpdated":0,"matched":0,"total":0,"unchecked":0,"uncheckedKeysByFile":[],"unmatched":0,"updated":0,"didUpdate":false},"startTime":1777100877833,"success":true,"testResults":[{"assertionResults":[{"ancestorTitles":["LFT Codec Verification"],"fullName":"LFT Codec Verification should compress and decompress imgAntiL.png losslessly","status":"passed","title":"should compress and decompress imgAntiL.png losslessly","duration":31386.655899999998,"failureMessages":[],"meta":{},"tags":[]},{"ancestorTitles":["LFT Codec Verification"],"fullName":"LFT Codec Verification should compress and decompress imgCg.png losslessly","status":"passed","title":"should compress and decompress imgCg.png losslessly","duration":10501.713800000001,"failureMessages":[],"meta":{},"tags":[]},{"ancestorTitles":["LFT Codec Verification"],"fullName":"LFT Codec Verification should compress and decompress imgCp.png losslessly","status":"passed","title":"should compress and decompress imgCp.png losslessly","duration":10626.900199999996,"failureMessages":[],"meta":{},"tags":[]},{"ancestorTitles":["LFT Codec Verification"],"fullName":"LFT Codec Verification should compress and decompress imgFill.png losslessly","status":"passed","title":"should compress and decompress imgFill.png losslessly","duration":615.3561000000045,"failureMessages":[],"meta":{},"tags":[]},{"ancestorTitles":["LFT Codec Verification"],"fullName":"LFT Codec Verification should compress and decompress imgFr.png losslessly","status":"passed","title":"should compress and decompress imgFr.png losslessly","duration":66426.8422,"failureMessages":[],"meta":{},"tags":[]},{"ancestorTitles":["LFT Codec Verification"],"fullName":"LFT Codec Verification should compress and decompress imgGm.png losslessly","status":"passed","title":"should compress and decompress imgGm.png losslessly","duration":6869.118100000007,"failureMessages":[],"meta":{},"tags":[]},{"ancestorTitles":["LFT Codec Verification"],"fullName":"LFT Codec Verification should compress and decompress imgNoiseC.png losslessly","status":"passed","title":"should compress and decompress imgNoiseC.png losslessly","duration":28002.616899999994,"failureMessages":[],"meta":{},"tags":[]},{"ancestorTitles":["LFT Codec Verification"],"fullName":"LFT Codec Verification should compress and decompress imgNoiseM.png losslessly","status":"passed","title":"should compress and decompress imgNoiseM.png losslessly","duration":5991.160399999993,"failureMessages":[],"meta":{},"tags":[]},{"ancestorTitles":["LFT Codec Verification"],"fullName":"LFT Codec Verification should compress and decompress imgTpy.png losslessly","status":"passed","title":"should compress and decompress imgTpy.png losslessly","duration":236.7613999999885,"failureMessages":[],"meta":{},"tags":[]}],"startTime":1777100878389,"endTime":1777101039048.7615,"status":"passed","message":"","name":"C:/Users/snows/Documents/Program/js/LFT/test/node/codec.test.ts"}]}